[ 2018-06-27T21:57:22+08:00 ] ::1 /app/
INFO: [ app_init ] --START--
INFO: Run Behavior\BuildLiteBehavior [ RunTime:0.000000s ]
INFO: [ app_init ] --END-- [ RunTime:0.026001s ]
INFO: [ app_begin ] --START--
INFO: Run Behavior\ReadHtmlCacheBehavior [ RunTime:0.006000s ]
INFO: [ app_begin ] --END-- [ RunTime:0.006000s ]
SQL: SHOW COLUMNS FROM `nav_high_level` [ RunTime:0.0640s ]
SQL: SELECT * FROM `nav_high_level` WHERE `is_display` = 1 AND `layout` = 'left' ORDER BY sort asc  [ RunTime:0.0690s ]
SQL: SHOW COLUMNS FROM `nav_middle_level` [ RunTime:0.0470s ]
SQL: SELECT * FROM `nav_middle_level` WHERE `high_id` = 13  [ RunTime:0.0240s ]
SQL: SELECT * FROM `nav_middle_level` WHERE `high_id` = 15  [ RunTime:0.0010s ]
SQL: SELECT * FROM `nav_middle_level` WHERE `high_id` = 12  [ RunTime:0.0010s ]
SQL: SELECT * FROM `nav_middle_level` WHERE `high_id` = 18  [ RunTime:0.0000s ]
SQL: SELECT * FROM `nav_middle_level` WHERE `high_id` = 19  [ RunTime:0.0000s ]
SQL: SELECT * FROM `nav_middle_level` WHERE `high_id` = 21  [ RunTime:0.0010s ]
SQL: SELECT * FROM `nav_middle_level` WHERE `is_recommend` = 1  [ RunTime:0.0010s ]
SQL: SHOW COLUMNS FROM `nav_datalist` [ RunTime:0.0770s ]
SQL: SELECT * FROM `nav_datalist` WHERE `middle_id` = 17  [ RunTime:0.0000s ]
SQL: SELECT * FROM `nav_datalist` WHERE `middle_id` = 22  [ RunTime:0.0000s ]
SQL: SHOW COLUMNS FROM `nav_hot` [ RunTime:0.0300s ]
SQL: SELECT * FROM `nav_hot` WHERE `type` = 0 ORDER BY sort  [ RunTime:0.0070s ]
SQL: SELECT * FROM `nav_hot` WHERE `type` = 1 ORDER BY sort  [ RunTime:0.0000s ]
SQL: SELECT * FROM `nav_hot` WHERE `type` = 2 ORDER BY sort  [ RunTime:0.0010s ]
SQL: SELECT * FROM `nav_high_level` WHERE `is_display` = 1 AND `layout` = 'bottom' ORDER BY id asc  [ RunTime:0.0010s ]
SQL: SELECT * FROM `nav_datalist` WHERE `high_id` = 16 AND `is_recommend` = 1  [ RunTime:0.0000s ]
INFO: [ view_parse ] --START--
INFO: [ template_filter ] --START--
INFO: Run Behavior\ContentReplaceBehavior [ RunTime:0.001000s ]
INFO: [ template_filter ] --END-- [ RunTime:0.001000s ]
SQL: SELECT `middle_name` FROM `nav_middle_level` WHERE `id` = 17 LIMIT 1   [ RunTime:0.0280s ]
SQL: SELECT `middle_name` FROM `nav_middle_level` WHERE `id` = 22 LIMIT 1   [ RunTime:0.0010s ]
INFO: Run Behavior\ParseTemplateBehavior [ RunTime:0.213012s ]
INFO: [ view_parse ] --END-- [ RunTime:0.213012s ]
INFO: [ view_filter ] --START--
INFO: Run Behavior\WriteHtmlCacheBehavior [ RunTime:0.020001s ]
INFO: [ view_filter ] --END-- [ RunTime:0.020001s ]
INFO: [ app_end ] --START--
INFO: Run Behavior\ShowPageTraceBehavior [ RunTime:0.020001s ]
INFO: [ app_end ] --END-- [ RunTime:0.020001s ]

[ 2018-06-27T21:57:27+08:00 ] ::1 /APP/
INFO: [ app_init ] --START--
INFO: Run Behavior\BuildLiteBehavior [ RunTime:0.000000s ]
INFO: [ app_init ] --END-- [ RunTime:0.000000s ]
INFO: [ app_begin ] --START--
INFO: Run Behavior\ReadHtmlCacheBehavior [ RunTime:0.000000s ]
INFO: [ app_begin ] --END-- [ RunTime:0.000000s ]
SQL: SHOW COLUMNS FROM `nav_high_level` [ RunTime:0.0090s ]
SQL: SELECT * FROM `nav_high_level` WHERE `is_display` = 1 AND `layout` = 'left' ORDER BY sort asc  [ RunTime:0.0000s ]
SQL: SHOW COLUMNS FROM `nav_middle_level` [ RunTime:0.0090s ]
SQL: SELECT * FROM `nav_middle_level` WHERE `high_id` = 13  [ RunTime:0.0000s ]
SQL: SELECT * FROM `nav_middle_level` WHERE `high_id` = 15  [ RunTime:0.0000s ]
SQL: SELECT * FROM `nav_middle_level` WHERE `high_id` = 12  [ RunTime:0.0000s ]
SQL: SELECT * FROM `nav_middle_level` WHERE `high_id` = 18  [ RunTime:0.0000s ]
SQL: SELECT * FROM `nav_middle_level` WHERE `high_id` = 19  [ RunTime:0.0010s ]
SQL: SELECT * FROM `nav_middle_level` WHERE `high_id` = 21  [ RunTime:0.0000s ]
SQL: SELECT * FROM `nav_middle_level` WHERE `is_recommend` = 1  [ RunTime:0.0000s ]
SQL: SHOW COLUMNS FROM `nav_datalist` [ RunTime:0.0080s ]
SQL: SELECT * FROM `nav_datalist` WHERE `middle_id` = 17  [ RunTime:0.0000s ]
SQL: SELECT * FROM `nav_datalist` WHERE `middle_id` = 22  [ RunTime:0.0000s ]
SQL: SHOW COLUMNS FROM `nav_hot` [ RunTime:0.0120s ]
SQL: SELECT * FROM `nav_hot` WHERE `type` = 0 ORDER BY sort  [ RunTime:0.0000s ]
SQL: SELECT * FROM `nav_hot` WHERE `type` = 1 ORDER BY sort  [ RunTime:0.0010s ]
SQL: SELECT * FROM `nav_hot` WHERE `type` = 2 ORDER BY sort  [ RunTime:0.0000s ]
SQL: SELECT * FROM `nav_high_level` WHERE `is_display` = 1 AND `layout` = 'bottom' ORDER BY id asc  [ RunTime:0.0000s ]
SQL: SELECT * FROM `nav_datalist` WHERE `high_id` = 16 AND `is_recommend` = 1  [ RunTime:0.0000s ]
INFO: [ view_parse ] --START--
INFO: [ template_filter ] --START--
INFO: Run Behavior\ContentReplaceBehavior [ RunTime:0.063004s ]
INFO: [ template_filter ] --END-- [ RunTime:0.064004s ]
SQL: SELECT `middle_name` FROM `nav_middle_level` WHERE `id` = 17 LIMIT 1   [ RunTime:0.0000s ]
SQL: SELECT `middle_name` FROM `nav_middle_level` WHERE `id` = 22 LIMIT 1   [ RunTime:0.0000s ]
INFO: Run Behavior\ParseTemplateBehavior [ RunTime:0.086005s ]
INFO: [ view_parse ] --END-- [ RunTime:0.086005s ]
INFO: [ view_filter ] --START--
INFO: Run Behavior\WriteHtmlCacheBehavior [ RunTime:0.000000s ]
INFO: [ view_filter ] --END-- [ RunTime:0.000000s ]
INFO: [ app_end ] --START--
INFO: Run Behavior\ShowPageTraceBehavior [ RunTime:0.001000s ]
INFO: [ app_end ] --END-- [ RunTime:0.001000s ]

[ 2018-06-27T22:05:05+08:00 ] ::1 /APP/
INFO: [ app_init ] --START--
INFO: Run Behavior\BuildLiteBehavior [ RunTime:0.000000s ]
INFO: [ app_init ] --END-- [ RunTime:0.017001s ]
INFO: [ app_begin ] --START--
INFO: Run Behavior\ReadHtmlCacheBehavior [ RunTime:0.015001s ]
INFO: [ app_begin ] --END-- [ RunTime:0.015001s ]
SQL: SHOW COLUMNS FROM `nav_high_level` [ RunTime:0.0090s ]
SQL: SELECT * FROM `nav_high_level` WHERE `is_display` = 1 AND `layout` = 'left' ORDER BY sort asc  [ RunTime:0.0000s ]
SQL: SHOW COLUMNS FROM `nav_middle_level` [ RunTime:0.0040s ]
SQL: SELECT * FROM `nav_middle_level` WHERE `high_id` = 13  [ RunTime:0.0000s ]
SQL: SELECT * FROM `nav_middle_level` WHERE `high_id` = 15  [ RunTime:0.0010s ]
SQL: SELECT * FROM `nav_middle_level` WHERE `high_id` = 12  [ RunTime:0.0000s ]
SQL: SELECT * FROM `nav_middle_level` WHERE `high_id` = 18  [ RunTime:0.0010s ]
SQL: SELECT * FROM `nav_middle_level` WHERE `high_id` = 19  [ RunTime:0.0000s ]
SQL: SELECT * FROM `nav_middle_level` WHERE `high_id` = 21  [ RunTime:0.0000s ]
SQL: SELECT * FROM `nav_middle_level` WHERE `is_recommend` = 1  [ RunTime:0.0010s ]
SQL: SHOW COLUMNS FROM `nav_datalist` [ RunTime:0.0130s ]
SQL: SELECT * FROM `nav_datalist` WHERE `middle_id` = 17  [ RunTime:0.0010s ]
SQL: SELECT * FROM `nav_datalist` WHERE `middle_id` = 22  [ RunTime:0.0000s ]
SQL: SHOW COLUMNS FROM `nav_hot` [ RunTime:0.0040s ]
SQL: SELECT * FROM `nav_hot` WHERE `type` = 0 ORDER BY sort  [ RunTime:0.0000s ]
SQL: SELECT * FROM `nav_hot` WHERE `type` = 1 ORDER BY sort  [ RunTime:0.0000s ]
SQL: SELECT * FROM `nav_hot` WHERE `type` = 2 ORDER BY sort  [ RunTime:0.0000s ]
SQL: SELECT * FROM `nav_high_level` WHERE `is_display` = 1 AND `layout` = 'bottom' ORDER BY id asc  [ RunTime:0.0010s ]
SQL: SELECT * FROM `nav_datalist` WHERE `high_id` = 16 AND `is_recommend` = 1  [ RunTime:0.0000s ]
INFO: [ view_parse ] --START--
INFO: [ template_filter ] --START--
INFO: Run Behavior\ContentReplaceBehavior [ RunTime:0.000000s ]
INFO: [ template_filter ] --END-- [ RunTime:0.000000s ]
SQL: SELECT `middle_name` FROM `nav_middle_level` WHERE `id` = 17 LIMIT 1   [ RunTime:0.0000s ]
SQL: SELECT `middle_name` FROM `nav_middle_level` WHERE `id` = 22 LIMIT 1   [ RunTime:0.0000s ]
INFO: Run Behavior\ParseTemplateBehavior [ RunTime:0.160009s ]
INFO: [ view_parse ] --END-- [ RunTime:0.160009s ]
INFO: [ view_filter ] --START--
INFO: Run Behavior\WriteHtmlCacheBehavior [ RunTime:0.003000s ]
INFO: [ view_filter ] --END-- [ RunTime:0.004000s ]
INFO: [ app_end ] --START--
INFO: Run Behavior\ShowPageTraceBehavior [ RunTime:0.021001s ]
INFO: [ app_end ] --END-- [ RunTime:0.021001s ]

[ 2018-06-27T22:37:29+08:00 ] ::1 /APP/index.php
INFO: [ app_init ] --START--
INFO: Run Behavior\BuildLiteBehavior [ RunTime:0.000000s ]
INFO: [ app_init ] --END-- [ RunTime:0.001000s ]
INFO: [ app_begin ] --START--
INFO: Run Behavior\ReadHtmlCacheBehavior [ RunTime:0.001000s ]
INFO: [ app_begin ] --END-- [ RunTime:0.001000s ]
SQL: SHOW COLUMNS FROM `nav_high_level` [ RunTime:0.0110s ]
SQL: SELECT * FROM `nav_high_level` WHERE `is_display` = 1 AND `layout` = 'left' ORDER BY sort asc  [ RunTime:0.0000s ]
SQL: SHOW COLUMNS FROM `nav_middle_level` [ RunTime:0.0140s ]
SQL: SELECT * FROM `nav_middle_level` WHERE `high_id` = 13  [ RunTime:0.0000s ]
SQL: SELECT * FROM `nav_middle_level` WHERE `high_id` = 15  [ RunTime:0.0010s ]
SQL: SELECT * FROM `nav_middle_level` WHERE `high_id` = 12  [ RunTime:0.0000s ]
SQL: SELECT * FROM `nav_middle_level` WHERE `high_id` = 18  [ RunTime:0.0000s ]
SQL: SELECT * FROM `nav_middle_level` WHERE `high_id` = 19  [ RunTime:0.0000s ]
SQL: SELECT * FROM `nav_middle_level` WHERE `high_id` = 21  [ RunTime:0.0000s ]
SQL: SELECT * FROM `nav_middle_level` WHERE `is_recommend` = 1  [ RunTime:0.0000s ]
SQL: SHOW COLUMNS FROM `nav_datalist` [ RunTime:0.0090s ]
SQL: SELECT * FROM `nav_datalist` WHERE `middle_id` = 17  [ RunTime:0.0000s ]
SQL: SELECT * FROM `nav_datalist` WHERE `middle_id` = 22  [ RunTime:0.0000s ]
SQL: SHOW COLUMNS FROM `nav_hot` [ RunTime:0.0130s ]
SQL: SELECT * FROM `nav_hot` WHERE `type` = 0 ORDER BY sort  [ RunTime:0.0000s ]
SQL: SELECT * FROM `nav_hot` WHERE `type` = 1 ORDER BY sort  [ RunTime:0.0000s ]
SQL: SELECT * FROM `nav_hot` WHERE `type` = 2 ORDER BY sort  [ RunTime:0.0000s ]
SQL: SELECT * FROM `nav_high_level` WHERE `is_display` = 1 AND `layout` = 'bottom' ORDER BY id asc  [ RunTime:0.0010s ]
SQL: SELECT * FROM `nav_datalist` WHERE `high_id` = 16 AND `is_recommend` = 1  [ RunTime:0.0000s ]
INFO: [ view_parse ] --START--
INFO: [ template_filter ] --START--
INFO: Run Behavior\ContentReplaceBehavior [ RunTime:0.000000s ]
INFO: [ template_filter ] --END-- [ RunTime:0.000000s ]
SQL: SELECT `middle_name` FROM `nav_middle_level` WHERE `id` = 17 LIMIT 1   [ RunTime:0.0000s ]
SQL: SELECT `middle_name` FROM `nav_middle_level` WHERE `id` = 22 LIMIT 1   [ RunTime:0.0000s ]
INFO: Run Behavior\ParseTemplateBehavior [ RunTime:0.016001s ]
INFO: [ view_parse ] --END-- [ RunTime:0.016001s ]
INFO: [ view_filter ] --START--
INFO: Run Behavior\WriteHtmlCacheBehavior [ RunTime:0.002000s ]
INFO: [ view_filter ] --END-- [ RunTime:0.002000s ]
INFO: [ app_end ] --START--
INFO: Run Behavior\ShowPageTraceBehavior [ RunTime:0.000000s ]
INFO: [ app_end ] --END-- [ RunTime:0.000000s ]

