[ 2018-04-07T20:31:42+08:00 ] ::1 /APP/index.php/Home/Index/index.html
INFO: [ app_init ] --START--
INFO: Run Behavior\BuildLiteBehavior [ RunTime:0.000000s ]
INFO: [ app_init ] --END-- [ RunTime:0.000000s ]
INFO: [ app_begin ] --START--
INFO: Run Behavior\ReadHtmlCacheBehavior [ RunTime:0.001000s ]
INFO: [ app_begin ] --END-- [ RunTime:0.001000s ]
SQL: SHOW COLUMNS FROM `nav_high_level` [ RunTime:0.0020s ]
SQL: SELECT * FROM `nav_high_level` WHERE `is_display` = 1 AND `layout` = 'left' ORDER BY sort asc  [ RunTime:0.0000s ]
SQL: SHOW COLUMNS FROM `nav_middle_level` [ RunTime:0.0020s ]
SQL: SELECT * FROM `nav_middle_level` WHERE `high_id` = 13  [ RunTime:0.0690s ]
SQL: SELECT * FROM `nav_middle_level` WHERE `high_id` = 15  [ RunTime:0.0010s ]
SQL: SELECT * FROM `nav_middle_level` WHERE `high_id` = 12  [ RunTime:0.0010s ]
SQL: SELECT * FROM `nav_middle_level` WHERE `high_id` = 18  [ RunTime:0.0010s ]
SQL: SELECT * FROM `nav_middle_level` WHERE `high_id` = 19  [ RunTime:0.0010s ]
SQL: SELECT * FROM `nav_middle_level` WHERE `high_id` = 21  [ RunTime:0.0000s ]
SQL: SELECT * FROM `nav_middle_level` WHERE `is_recommend` = 1  [ RunTime:0.0010s ]
SQL: SHOW COLUMNS FROM `nav_datalist` [ RunTime:0.0060s ]
SQL: SELECT * FROM `nav_datalist` WHERE `middle_id` = 17  [ RunTime:0.0000s ]
SQL: SELECT * FROM `nav_datalist` WHERE `middle_id` = 22  [ RunTime:0.0000s ]
SQL: SHOW COLUMNS FROM `nav_hot` [ RunTime:0.0060s ]
SQL: SELECT * FROM `nav_hot` WHERE `type` = 0 ORDER BY sort  [ RunTime:0.0010s ]
SQL: SELECT * FROM `nav_hot` WHERE `type` = 1 ORDER BY sort  [ RunTime:0.0000s ]
SQL: SELECT * FROM `nav_hot` WHERE `type` = 2 ORDER BY sort  [ RunTime:0.0000s ]
SQL: SELECT * FROM `nav_high_level` WHERE `is_display` = 1 AND `layout` = 'bottom' ORDER BY id asc  [ RunTime:0.0000s ]
SQL: SELECT * FROM `nav_datalist` WHERE `high_id` = 16 AND `is_recommend` = 1  [ RunTime:0.0000s ]
INFO: [ view_parse ] --START--
INFO: [ template_filter ] --START--
INFO: Run Behavior\ContentReplaceBehavior [ RunTime:0.000000s ]
INFO: [ template_filter ] --END-- [ RunTime:0.000000s ]

[ 2018-04-07T20:33:07+08:00 ] ::1 /APP/index.php/Home/%20Index/index.html
INFO: [ app_init ] --START--
INFO: Run Behavior\BuildLiteBehavior [ RunTime:0.000000s ]
INFO: [ app_init ] --END-- [ RunTime:0.001000s ]
INFO: [ app_begin ] --START--
INFO: Run Behavior\ReadHtmlCacheBehavior [ RunTime:0.001000s ]
INFO: [ app_begin ] --END-- [ RunTime:0.001000s ]
ERR: 无法加载控制器: Index

[ 2018-04-07T20:33:17+08:00 ] ::1 /APP/index.php/Home/Index/index.html
INFO: [ app_init ] --START--
INFO: Run Behavior\BuildLiteBehavior [ RunTime:0.000000s ]
INFO: [ app_init ] --END-- [ RunTime:0.001000s ]
INFO: [ app_begin ] --START--
INFO: Run Behavior\ReadHtmlCacheBehavior [ RunTime:0.000000s ]
INFO: [ app_begin ] --END-- [ RunTime:0.000000s ]
SQL: SHOW COLUMNS FROM `nav_high_level` [ RunTime:0.0020s ]
SQL: SELECT * FROM `nav_high_level` WHERE `is_display` = 1 AND `layout` = 'left' ORDER BY sort asc  [ RunTime:0.0000s ]
SQL: SHOW COLUMNS FROM `nav_middle_level` [ RunTime:0.0030s ]
SQL: SELECT * FROM `nav_middle_level` WHERE `high_id` = 13  [ RunTime:0.0000s ]
SQL: SELECT * FROM `nav_middle_level` WHERE `high_id` = 15  [ RunTime:0.0000s ]
SQL: SELECT * FROM `nav_middle_level` WHERE `high_id` = 12  [ RunTime:0.0000s ]
SQL: SELECT * FROM `nav_middle_level` WHERE `high_id` = 18  [ RunTime:0.0000s ]
SQL: SELECT * FROM `nav_middle_level` WHERE `high_id` = 19  [ RunTime:0.0010s ]
SQL: SELECT * FROM `nav_middle_level` WHERE `high_id` = 21  [ RunTime:0.0000s ]
SQL: SELECT * FROM `nav_middle_level` WHERE `is_recommend` = 1  [ RunTime:0.0000s ]
SQL: SHOW COLUMNS FROM `nav_datalist` [ RunTime:0.0020s ]
SQL: SELECT * FROM `nav_datalist` WHERE `middle_id` = 17  [ RunTime:0.0000s ]
SQL: SELECT * FROM `nav_datalist` WHERE `middle_id` = 22  [ RunTime:0.0010s ]
SQL: SHOW COLUMNS FROM `nav_hot` [ RunTime:0.0020s ]
SQL: SELECT * FROM `nav_hot` WHERE `type` = 0 ORDER BY sort  [ RunTime:0.0010s ]
SQL: SELECT * FROM `nav_hot` WHERE `type` = 1 ORDER BY sort  [ RunTime:0.0000s ]
SQL: SELECT * FROM `nav_hot` WHERE `type` = 2 ORDER BY sort  [ RunTime:0.0010s ]
SQL: SELECT * FROM `nav_high_level` WHERE `is_display` = 1 AND `layout` = 'bottom' ORDER BY id asc  [ RunTime:0.0000s ]
SQL: SELECT * FROM `nav_datalist` WHERE `high_id` = 16 AND `is_recommend` = 1  [ RunTime:0.0000s ]
INFO: [ view_parse ] --START--
INFO: [ template_filter ] --START--
INFO: Run Behavior\ContentReplaceBehavior [ RunTime:0.000000s ]
INFO: [ template_filter ] --END-- [ RunTime:0.000000s ]

[ 2018-04-07T20:39:24+08:00 ] ::1 /APP/index.php/Home/Index/index.html
INFO: [ app_init ] --START--
INFO: Run Behavior\BuildLiteBehavior [ RunTime:0.000000s ]
INFO: [ app_init ] --END-- [ RunTime:0.000000s ]
INFO: [ app_begin ] --START--
INFO: Run Behavior\ReadHtmlCacheBehavior [ RunTime:0.000000s ]
INFO: [ app_begin ] --END-- [ RunTime:0.000000s ]
SQL: SHOW COLUMNS FROM `nav_high_level` [ RunTime:0.0020s ]
SQL: SELECT * FROM `nav_high_level` WHERE `is_display` = 1 AND `layout` = 'left' ORDER BY sort asc  [ RunTime:0.0010s ]
SQL: SHOW COLUMNS FROM `nav_middle_level` [ RunTime:0.0020s ]
SQL: SELECT * FROM `nav_middle_level` WHERE `high_id` = 13  [ RunTime:0.0000s ]
SQL: SELECT * FROM `nav_middle_level` WHERE `high_id` = 15  [ RunTime:0.0010s ]
SQL: SELECT * FROM `nav_middle_level` WHERE `high_id` = 12  [ RunTime:0.0000s ]
SQL: SELECT * FROM `nav_middle_level` WHERE `high_id` = 18  [ RunTime:0.0000s ]
SQL: SELECT * FROM `nav_middle_level` WHERE `high_id` = 19  [ RunTime:0.0000s ]
SQL: SELECT * FROM `nav_middle_level` WHERE `high_id` = 21  [ RunTime:0.0000s ]
SQL: SELECT * FROM `nav_middle_level` WHERE `is_recommend` = 1  [ RunTime:0.0010s ]
SQL: SHOW COLUMNS FROM `nav_datalist` [ RunTime:0.0050s ]
SQL: SELECT * FROM `nav_datalist` WHERE `middle_id` = 17  [ RunTime:0.0010s ]
SQL: SELECT * FROM `nav_datalist` WHERE `middle_id` = 22  [ RunTime:0.0000s ]
SQL: SHOW COLUMNS FROM `nav_hot` [ RunTime:0.0030s ]
SQL: SELECT * FROM `nav_hot` WHERE `type` = 0 ORDER BY sort  [ RunTime:0.0000s ]
SQL: SELECT * FROM `nav_hot` WHERE `type` = 1 ORDER BY sort  [ RunTime:0.0000s ]
SQL: SELECT * FROM `nav_hot` WHERE `type` = 2 ORDER BY sort  [ RunTime:0.0000s ]
SQL: SELECT * FROM `nav_high_level` WHERE `is_display` = 1 AND `layout` = 'bottom' ORDER BY id asc  [ RunTime:0.0010s ]
SQL: SELECT * FROM `nav_datalist` WHERE `high_id` = 16 AND `is_recommend` = 1  [ RunTime:0.0000s ]
INFO: [ view_parse ] --START--
INFO: [ template_filter ] --START--
INFO: Run Behavior\ContentReplaceBehavior [ RunTime:0.000000s ]
INFO: [ template_filter ] --END-- [ RunTime:0.000000s ]
SQL: SELECT `middle_name` FROM `nav_middle_level` WHERE `id` = 17 LIMIT 1   [ RunTime:0.0010s ]
SQL: SELECT `middle_name` FROM `nav_middle_level` WHERE `id` = 22 LIMIT 1   [ RunTime:0.0000s ]
INFO: Run Behavior\ParseTemplateBehavior [ RunTime:0.019001s ]
INFO: [ view_parse ] --END-- [ RunTime:0.019001s ]
INFO: [ view_filter ] --START--
INFO: Run Behavior\WriteHtmlCacheBehavior [ RunTime:0.000000s ]
INFO: [ view_filter ] --END-- [ RunTime:0.000000s ]
INFO: [ app_end ] --START--
INFO: Run Behavior\ShowPageTraceBehavior [ RunTime:0.000000s ]
INFO: [ app_end ] --END-- [ RunTime:0.000000s ]

[ 2018-04-07T20:39:26+08:00 ] ::1 /APP/index.php/Home/Index/favicon.ico
INFO: [ app_init ] --START--
INFO: Run Behavior\BuildLiteBehavior [ RunTime:0.000000s ]
INFO: [ app_init ] --END-- [ RunTime:0.000000s ]

[ 2018-04-07T20:39:33+08:00 ] ::1 /APP/index.php/Home/Index/more/middle_id/21.html
INFO: [ app_init ] --START--
INFO: Run Behavior\BuildLiteBehavior [ RunTime:0.000000s ]
INFO: [ app_init ] --END-- [ RunTime:0.000000s ]
INFO: [ app_begin ] --START--
INFO: Run Behavior\ReadHtmlCacheBehavior [ RunTime:0.001000s ]
INFO: [ app_begin ] --END-- [ RunTime:0.002000s ]
SQL: SHOW COLUMNS FROM `nav_elementary_level` [ RunTime:0.0130s ]
SQL: SELECT * FROM `nav_elementary_level` WHERE `middle_id` = 21  [ RunTime:0.0000s ]
SQL: SHOW COLUMNS FROM `nav_datalist` [ RunTime:0.0020s ]
SQL: SELECT * FROM `nav_datalist` WHERE `elementary_id` = 26  [ RunTime:0.0000s ]
SQL: SELECT COUNT(*) AS tp_count FROM `nav_datalist` WHERE `elementary_id` = 26 LIMIT 1   [ RunTime:0.0150s ]
INFO: [ view_parse ] --START--
INFO: [ template_filter ] --START--
INFO: Run Behavior\ContentReplaceBehavior [ RunTime:0.001000s ]
INFO: [ template_filter ] --END-- [ RunTime:0.001000s ]
INFO: Run Behavior\ParseTemplateBehavior [ RunTime:0.018001s ]
INFO: [ view_parse ] --END-- [ RunTime:0.018001s ]
INFO: [ view_filter ] --START--
INFO: Run Behavior\WriteHtmlCacheBehavior [ RunTime:0.000000s ]
INFO: [ view_filter ] --END-- [ RunTime:0.000000s ]
INFO: [ app_end ] --START--
INFO: Run Behavior\ShowPageTraceBehavior [ RunTime:0.001000s ]
INFO: [ app_end ] --END-- [ RunTime:0.001000s ]

[ 2018-04-07T20:39:33+08:00 ] ::1 /APP/index.php/Home/Index/more/middle_id/favicon.ico
INFO: [ app_init ] --START--
INFO: Run Behavior\BuildLiteBehavior [ RunTime:0.000000s ]
INFO: [ app_init ] --END-- [ RunTime:0.000000s ]

[ 2018-04-07T22:35:20+08:00 ] ::1 /APP/index.php/Home/Index/index
INFO: [ app_init ] --START--
INFO: Run Behavior\BuildLiteBehavior [ RunTime:0.000000s ]
INFO: [ app_init ] --END-- [ RunTime:0.001001s ]
INFO: [ app_begin ] --START--
INFO: Run Behavior\ReadHtmlCacheBehavior [ RunTime:0.000000s ]
INFO: [ app_begin ] --END-- [ RunTime:0.001000s ]
SQL: SHOW COLUMNS FROM `nav_high_level` [ RunTime:0.0170s ]
SQL: SELECT * FROM `nav_high_level` WHERE `is_display` = 1 AND `layout` = 'left' ORDER BY sort asc  [ RunTime:0.0530s ]
SQL: SHOW COLUMNS FROM `nav_middle_level` [ RunTime:0.0190s ]
SQL: SELECT * FROM `nav_middle_level` WHERE `high_id` = 13  [ RunTime:0.0290s ]
SQL: SELECT * FROM `nav_middle_level` WHERE `high_id` = 15  [ RunTime:0.0010s ]
SQL: SELECT * FROM `nav_middle_level` WHERE `high_id` = 12  [ RunTime:0.0010s ]
SQL: SELECT * FROM `nav_middle_level` WHERE `high_id` = 18  [ RunTime:0.0010s ]
SQL: SELECT * FROM `nav_middle_level` WHERE `high_id` = 19  [ RunTime:0.0000s ]
SQL: SELECT * FROM `nav_middle_level` WHERE `high_id` = 21  [ RunTime:0.0010s ]
SQL: SELECT * FROM `nav_middle_level` WHERE `is_recommend` = 1  [ RunTime:0.0010s ]
SQL: SHOW COLUMNS FROM `nav_datalist` [ RunTime:0.0210s ]
SQL: SELECT * FROM `nav_datalist` WHERE `middle_id` = 17  [ RunTime:0.0010s ]
SQL: SELECT * FROM `nav_datalist` WHERE `middle_id` = 22  [ RunTime:0.0010s ]
SQL: SHOW COLUMNS FROM `nav_hot` [ RunTime:0.0130s ]
SQL: SELECT * FROM `nav_hot` WHERE `type` = 0 ORDER BY sort  [ RunTime:0.0080s ]
SQL: SELECT * FROM `nav_hot` WHERE `type` = 1 ORDER BY sort  [ RunTime:0.0000s ]
SQL: SELECT * FROM `nav_hot` WHERE `type` = 2 ORDER BY sort  [ RunTime:0.0000s ]
SQL: SELECT * FROM `nav_high_level` WHERE `is_display` = 1 AND `layout` = 'bottom' ORDER BY id asc  [ RunTime:0.0000s ]
SQL: SELECT * FROM `nav_datalist` WHERE `high_id` = 16 AND `is_recommend` = 1  [ RunTime:0.0010s ]
INFO: [ view_parse ] --START--
INFO: [ template_filter ] --START--
INFO: Run Behavior\ContentReplaceBehavior [ RunTime:0.001000s ]
INFO: [ template_filter ] --END-- [ RunTime:0.001000s ]
SQL: SELECT `middle_name` FROM `nav_middle_level` WHERE `id` = 17 LIMIT 1   [ RunTime:0.0000s ]
SQL: SELECT `middle_name` FROM `nav_middle_level` WHERE `id` = 22 LIMIT 1   [ RunTime:0.0010s ]
INFO: Run Behavior\ParseTemplateBehavior [ RunTime:0.085005s ]
INFO: [ view_parse ] --END-- [ RunTime:0.085005s ]
INFO: [ view_filter ] --START--
INFO: Run Behavior\WriteHtmlCacheBehavior [ RunTime:0.000000s ]
INFO: [ view_filter ] --END-- [ RunTime:0.000000s ]
INFO: [ app_end ] --START--
INFO: Run Behavior\ShowPageTraceBehavior [ RunTime:0.000000s ]
INFO: [ app_end ] --END-- [ RunTime:0.000000s ]

[ 2018-04-07T22:35:22+08:00 ] ::1 /APP/index.php/Home/Index/favicon.ico
INFO: [ app_init ] --START--
INFO: Run Behavior\BuildLiteBehavior [ RunTime:0.000000s ]
INFO: [ app_init ] --END-- [ RunTime:0.001000s ]

[ 2018-04-07T22:35:40+08:00 ] ::1 /APP/index.php
INFO: [ app_init ] --START--
INFO: Run Behavior\BuildLiteBehavior [ RunTime:0.000000s ]
INFO: [ app_init ] --END-- [ RunTime:0.000000s ]
INFO: [ app_begin ] --START--
INFO: Run Behavior\ReadHtmlCacheBehavior [ RunTime:0.001000s ]
INFO: [ app_begin ] --END-- [ RunTime:0.001000s ]
SQL: SHOW COLUMNS FROM `nav_high_level` [ RunTime:0.0020s ]
SQL: SELECT * FROM `nav_high_level` WHERE `is_display` = 1 AND `layout` = 'left' ORDER BY sort asc  [ RunTime:0.0000s ]
SQL: SHOW COLUMNS FROM `nav_middle_level` [ RunTime:0.0020s ]
SQL: SELECT * FROM `nav_middle_level` WHERE `high_id` = 13  [ RunTime:0.0000s ]
SQL: SELECT * FROM `nav_middle_level` WHERE `high_id` = 15  [ RunTime:0.0000s ]
SQL: SELECT * FROM `nav_middle_level` WHERE `high_id` = 12  [ RunTime:0.0010s ]
SQL: SELECT * FROM `nav_middle_level` WHERE `high_id` = 18  [ RunTime:0.0000s ]
SQL: SELECT * FROM `nav_middle_level` WHERE `high_id` = 19  [ RunTime:0.0000s ]
SQL: SELECT * FROM `nav_middle_level` WHERE `high_id` = 21  [ RunTime:0.0000s ]
SQL: SELECT * FROM `nav_middle_level` WHERE `is_recommend` = 1  [ RunTime:0.0000s ]
SQL: SHOW COLUMNS FROM `nav_datalist` [ RunTime:0.0030s ]
SQL: SELECT * FROM `nav_datalist` WHERE `middle_id` = 17  [ RunTime:0.0000s ]
SQL: SELECT * FROM `nav_datalist` WHERE `middle_id` = 22  [ RunTime:0.0000s ]
SQL: SHOW COLUMNS FROM `nav_hot` [ RunTime:0.0020s ]
SQL: SELECT * FROM `nav_hot` WHERE `type` = 0 ORDER BY sort  [ RunTime:0.0000s ]
SQL: SELECT * FROM `nav_hot` WHERE `type` = 1 ORDER BY sort  [ RunTime:0.0000s ]
SQL: SELECT * FROM `nav_hot` WHERE `type` = 2 ORDER BY sort  [ RunTime:0.0000s ]
SQL: SELECT * FROM `nav_high_level` WHERE `is_display` = 1 AND `layout` = 'bottom' ORDER BY id asc  [ RunTime:0.0010s ]
SQL: SELECT * FROM `nav_datalist` WHERE `high_id` = 16 AND `is_recommend` = 1  [ RunTime:0.0000s ]
INFO: [ view_parse ] --START--
INFO: [ template_filter ] --START--
INFO: Run Behavior\ContentReplaceBehavior [ RunTime:0.000000s ]
INFO: [ template_filter ] --END-- [ RunTime:0.000000s ]
SQL: SELECT `middle_name` FROM `nav_middle_level` WHERE `id` = 17 LIMIT 1   [ RunTime:0.0010s ]
SQL: SELECT `middle_name` FROM `nav_middle_level` WHERE `id` = 22 LIMIT 1   [ RunTime:0.0000s ]
INFO: Run Behavior\ParseTemplateBehavior [ RunTime:0.029001s ]
INFO: [ view_parse ] --END-- [ RunTime:0.029001s ]
INFO: [ view_filter ] --START--
INFO: Run Behavior\WriteHtmlCacheBehavior [ RunTime:0.001001s ]
INFO: [ view_filter ] --END-- [ RunTime:0.001001s ]
INFO: [ app_end ] --START--
INFO: Run Behavior\ShowPageTraceBehavior [ RunTime:0.000000s ]
INFO: [ app_end ] --END-- [ RunTime:0.000000s ]

[ 2018-04-07T22:35:57+08:00 ] ::1 /APP/index.php
INFO: [ app_init ] --START--
INFO: Run Behavior\BuildLiteBehavior [ RunTime:0.000000s ]
INFO: [ app_init ] --END-- [ RunTime:0.000000s ]
INFO: [ app_begin ] --START--
INFO: Run Behavior\ReadHtmlCacheBehavior [ RunTime:0.000000s ]
INFO: [ app_begin ] --END-- [ RunTime:0.000000s ]
SQL: SHOW COLUMNS FROM `nav_high_level` [ RunTime:0.0030s ]
SQL: SELECT * FROM `nav_high_level` WHERE `is_display` = 1 AND `layout` = 'left' ORDER BY sort asc  [ RunTime:0.0000s ]
SQL: SHOW COLUMNS FROM `nav_middle_level` [ RunTime:0.0020s ]
SQL: SELECT * FROM `nav_middle_level` WHERE `high_id` = 13  [ RunTime:0.0010s ]
SQL: SELECT * FROM `nav_middle_level` WHERE `high_id` = 15  [ RunTime:0.0000s ]
SQL: SELECT * FROM `nav_middle_level` WHERE `high_id` = 12  [ RunTime:0.0000s ]
SQL: SELECT * FROM `nav_middle_level` WHERE `high_id` = 18  [ RunTime:0.0010s ]
SQL: SELECT * FROM `nav_middle_level` WHERE `high_id` = 19  [ RunTime:0.0000s ]
SQL: SELECT * FROM `nav_middle_level` WHERE `high_id` = 21  [ RunTime:0.0000s ]
SQL: SELECT * FROM `nav_middle_level` WHERE `is_recommend` = 1  [ RunTime:0.0000s ]
SQL: SHOW COLUMNS FROM `nav_datalist` [ RunTime:0.0030s ]
SQL: SELECT * FROM `nav_datalist` WHERE `middle_id` = 17  [ RunTime:0.0000s ]
SQL: SELECT * FROM `nav_datalist` WHERE `middle_id` = 22  [ RunTime:0.0000s ]
SQL: SHOW COLUMNS FROM `nav_hot` [ RunTime:0.0010s ]
SQL: SELECT * FROM `nav_hot` WHERE `type` = 0 ORDER BY sort  [ RunTime:0.0000s ]
SQL: SELECT * FROM `nav_hot` WHERE `type` = 1 ORDER BY sort  [ RunTime:0.0010s ]
SQL: SELECT * FROM `nav_hot` WHERE `type` = 2 ORDER BY sort  [ RunTime:0.0000s ]
SQL: SELECT * FROM `nav_high_level` WHERE `is_display` = 1 AND `layout` = 'bottom' ORDER BY id asc  [ RunTime:0.0000s ]
SQL: SELECT * FROM `nav_datalist` WHERE `high_id` = 16 AND `is_recommend` = 1  [ RunTime:0.0000s ]
INFO: [ view_parse ] --START--
INFO: [ template_filter ] --START--
INFO: Run Behavior\ContentReplaceBehavior [ RunTime:0.001000s ]
INFO: [ template_filter ] --END-- [ RunTime:0.001000s ]
SQL: SELECT `middle_name` FROM `nav_middle_level` WHERE `id` = 17 LIMIT 1   [ RunTime:0.0010s ]
SQL: SELECT `middle_name` FROM `nav_middle_level` WHERE `id` = 22 LIMIT 1   [ RunTime:0.0000s ]
INFO: Run Behavior\ParseTemplateBehavior [ RunTime:0.018001s ]
INFO: [ view_parse ] --END-- [ RunTime:0.018001s ]
INFO: [ view_filter ] --START--
INFO: Run Behavior\WriteHtmlCacheBehavior [ RunTime:0.001000s ]
INFO: [ view_filter ] --END-- [ RunTime:0.001000s ]
INFO: [ app_end ] --START--
INFO: Run Behavior\ShowPageTraceBehavior [ RunTime:0.000000s ]
INFO: [ app_end ] --END-- [ RunTime:0.000000s ]

[ 2018-04-07T22:36:16+08:00 ] ::1 /APP/index.php
INFO: [ app_init ] --START--
INFO: Run Behavior\BuildLiteBehavior [ RunTime:0.000000s ]
INFO: [ app_init ] --END-- [ RunTime:0.000000s ]
INFO: [ app_begin ] --START--
INFO: Run Behavior\ReadHtmlCacheBehavior [ RunTime:0.000000s ]
INFO: [ app_begin ] --END-- [ RunTime:0.000000s ]
SQL: SHOW COLUMNS FROM `nav_high_level` [ RunTime:0.0020s ]
SQL: SELECT * FROM `nav_high_level` WHERE `is_display` = 1 AND `layout` = 'left' ORDER BY sort asc  [ RunTime:0.0010s ]
SQL: SHOW COLUMNS FROM `nav_middle_level` [ RunTime:0.0020s ]
SQL: SELECT * FROM `nav_middle_level` WHERE `high_id` = 13  [ RunTime:0.0000s ]
SQL: SELECT * FROM `nav_middle_level` WHERE `high_id` = 15  [ RunTime:0.0010s ]
SQL: SELECT * FROM `nav_middle_level` WHERE `high_id` = 12  [ RunTime:0.0000s ]
SQL: SELECT * FROM `nav_middle_level` WHERE `high_id` = 18  [ RunTime:0.0000s ]
SQL: SELECT * FROM `nav_middle_level` WHERE `high_id` = 19  [ RunTime:0.0000s ]
SQL: SELECT * FROM `nav_middle_level` WHERE `high_id` = 21  [ RunTime:0.0000s ]
SQL: SELECT * FROM `nav_middle_level` WHERE `is_recommend` = 1  [ RunTime:0.0000s ]
SQL: SHOW COLUMNS FROM `nav_datalist` [ RunTime:0.0030s ]
SQL: SELECT * FROM `nav_datalist` WHERE `middle_id` = 17  [ RunTime:0.0010s ]
SQL: SELECT * FROM `nav_datalist` WHERE `middle_id` = 22  [ RunTime:0.0000s ]
SQL: SHOW COLUMNS FROM `nav_hot` [ RunTime:0.0030s ]
SQL: SELECT * FROM `nav_hot` WHERE `type` = 0 ORDER BY sort  [ RunTime:0.0000s ]
SQL: SELECT * FROM `nav_hot` WHERE `type` = 1 ORDER BY sort  [ RunTime:0.0010s ]
SQL: SELECT * FROM `nav_hot` WHERE `type` = 2 ORDER BY sort  [ RunTime:0.0010s ]
SQL: SELECT * FROM `nav_high_level` WHERE `is_display` = 1 AND `layout` = 'bottom' ORDER BY id asc  [ RunTime:0.0000s ]
SQL: SELECT * FROM `nav_datalist` WHERE `high_id` = 16 AND `is_recommend` = 1  [ RunTime:0.0000s ]
INFO: [ view_parse ] --START--
INFO: [ template_filter ] --START--
INFO: Run Behavior\ContentReplaceBehavior [ RunTime:0.000000s ]
INFO: [ template_filter ] --END-- [ RunTime:0.000000s ]
SQL: SELECT `middle_name` FROM `nav_middle_level` WHERE `id` = 17 LIMIT 1   [ RunTime:0.0010s ]
SQL: SELECT `middle_name` FROM `nav_middle_level` WHERE `id` = 22 LIMIT 1   [ RunTime:0.0000s ]
INFO: Run Behavior\ParseTemplateBehavior [ RunTime:0.018001s ]
INFO: [ view_parse ] --END-- [ RunTime:0.018001s ]
INFO: [ view_filter ] --START--
INFO: Run Behavior\WriteHtmlCacheBehavior [ RunTime:0.001000s ]
INFO: [ view_filter ] --END-- [ RunTime:0.001000s ]
INFO: [ app_end ] --START--
INFO: Run Behavior\ShowPageTraceBehavior [ RunTime:0.000000s ]
INFO: [ app_end ] --END-- [ RunTime:0.000000s ]

[ 2018-04-07T22:44:02+08:00 ] ::1 /APP/index.php/Home/Index/more/middle_id/46.html
INFO: [ app_init ] --START--
INFO: Run Behavior\BuildLiteBehavior [ RunTime:0.000000s ]
INFO: [ app_init ] --END-- [ RunTime:0.001000s ]
INFO: [ app_begin ] --START--
INFO: Run Behavior\ReadHtmlCacheBehavior [ RunTime:0.001000s ]
INFO: [ app_begin ] --END-- [ RunTime:0.001000s ]
SQL: SHOW COLUMNS FROM `nav_elementary_level` [ RunTime:0.0220s ]
SQL: SELECT * FROM `nav_elementary_level` WHERE `middle_id` = 46  [ RunTime:0.0230s ]
NOTIC: [8] Undefined variable: datalist D:\phpStudy\PHPTutorial\WWW\APP\Application\Home\Controller\IndexController.class.php 第 44 行.
INFO: [ view_parse ] --START--
INFO: [ template_filter ] --START--
INFO: Run Behavior\ContentReplaceBehavior [ RunTime:0.000000s ]
INFO: [ template_filter ] --END-- [ RunTime:0.000000s ]
INFO: Run Behavior\ParseTemplateBehavior [ RunTime:0.025002s ]
INFO: [ view_parse ] --END-- [ RunTime:0.025002s ]
INFO: [ view_filter ] --START--
INFO: Run Behavior\WriteHtmlCacheBehavior [ RunTime:0.000000s ]
INFO: [ view_filter ] --END-- [ RunTime:0.000000s ]
INFO: [ app_end ] --START--
INFO: Run Behavior\ShowPageTraceBehavior [ RunTime:0.001000s ]
INFO: [ app_end ] --END-- [ RunTime:0.001000s ]

[ 2018-04-07T22:44:02+08:00 ] ::1 /APP/index.php/Home/Index/more/middle_id/favicon.ico
INFO: [ app_init ] --START--
INFO: Run Behavior\BuildLiteBehavior [ RunTime:0.000000s ]
INFO: [ app_init ] --END-- [ RunTime:0.001000s ]

